生成启动时间为 2014/8/25 15:32:29。
     1>项目“D:\kinect  标定\VS2010Proj\FindCoordinate2.0\NiViewer\NiViewer.vcxproj”在节点 2 上(build 个目标)。
     1>InitializeBuildStatus:
         正在对“x64\Debug\NiViewer.unsuccessfulbuild”执行 Touch 任务。
       ClCompile:
         d:\Program Files (x86)\Microsoft Visual Studio 10.0\VC\bin\x86_amd64\CL.exe /c /Zi /nologo /W3 /WX- /Od /D WIN32 /D _DEBUG /D _CONSOLE /D _CRT_SECURE_NO_WARNINGS /D _UNICODE /D UNICODE /Gm /EHsc /RTC1 /MDd /GS /fp:precise /Zc:wchar_t /Zc:forScope /Yc"StdAfx.h" /Fp"x64\Debug\NiViewer.pch" /Fo"x64\Debug\\" /Fd"x64\Debug\vc100.pdb" /Gd /TP /errorReport:prompt stdafx.cpp
         stdafx.cpp
         d:\Program Files (x86)\Microsoft Visual Studio 10.0\VC\bin\x86_amd64\CL.exe /c /Zi /nologo /W3 /WX- /Od /D WIN32 /D _DEBUG /D _CONSOLE /D _CRT_SECURE_NO_WARNINGS /D _UNICODE /D UNICODE /Gm /EHsc /RTC1 /MDd /GS /fp:precise /Zc:wchar_t /Zc:forScope /Yu"StdAfx.h" /Fp"x64\Debug\NiViewer.pch" /Fo"x64\Debug\\" /Fd"x64\Debug\vc100.pdb" /Gd /TP /errorReport:prompt Main.cpp
         Main.cpp
     1>c:\program files (x86)\openni\include\Win32/XnOSWin32.h(42): warning C4005: “_CRT_SECURE_NO_DEPRECATE”: 宏重定义
                 D:\opencv\opencv\build\include\opencv2/core/types_c.h(48) : 参见“_CRT_SECURE_NO_DEPRECATE”的前一个定义
     1>Main.cpp(54): warning C4244: “=”: 从“unsigned int”转换到“XnFloat”，可能丢失数据
     1>Main.cpp(55): warning C4244: “=”: 从“unsigned int”转换到“XnFloat”，可能丢失数据
     1>Main.cpp(165): warning C4996: 'xn::Context::Shutdown': You may use Release() instead, or count on dtor
                 C:\Program Files (x86)\OpenNI\Include\XnCppWrapper.h(5640) : 参见“xn::Context::Shutdown”的声明
       Link:
         d:\Program Files (x86)\Microsoft Visual Studio 10.0\VC\bin\x86_amd64\link.exe /ERRORREPORT:PROMPT /OUT:"D:\kinect  标定\VS2010Proj\FindCoordinate2.0\x64\Debug\NiViewer.exe" /INCREMENTAL /NOLOGO OpenNI.lib opencv_core249d.lib opencv_highgui249d.lib opencv_imgproc249d.lib opencv_calib3d249d.lib opencv_contrib249d.lib opencv_features2d249d.lib opencv_flann249d.lib opencv_gpu249d.lib opencv_legacy249d.lib opencv_ml249d.lib opencv_objdetect249d.lib opencv_ts249d.lib opencv_video249d.lib kernel32.lib user32.lib gdi32.lib winspool.lib comdlg32.lib advapi32.lib shell32.lib ole32.lib oleaut32.lib uuid.lib odbc32.lib odbccp32.lib /MANIFEST /ManifestFile:"x64\Debug\NiViewer.exe.intermediate.manifest" /MANIFESTUAC:"level='asInvoker' uiAccess='false'" /DEBUG /PDB:"D:\kinect  标定\VS2010Proj\FindCoordinate2.0\x64\Debug\NiViewer.pdb" /SUBSYSTEM:CONSOLE /TLBID:1 /DYNAMICBASE /NXCOMPAT /IMPLIB:"D:\kinect  标定\VS2010Proj\FindCoordinate2.0\x64\Debug\NiViewer.lib" /MACHINE:X64 x64\Debug\Main.obj
         x64\Debug\stdafx.obj
     1>Main.obj : error LNK2019: 无法解析的外部符号 __imp_xnOSMemSet，该符号在函数 "public: __cdecl xn::DepthMetaData::DepthMetaData(void)" (??0DepthMetaData@xn@@QEAA@XZ) 中被引用
     1>Main.obj : error LNK2019: 无法解析的外部符号 __imp_xnOSFreeAligned，该符号在函数 "public: void __cdecl xn::OutputMetaData::Free(void)" (?Free@OutputMetaData@xn@@QEAAXXZ) 中被引用
     1>Main.obj : error LNK2019: 无法解析的外部符号 __imp_xnGetDepthMetaData，该符号在函数 "public: void __cdecl xn::DepthGenerator::GetMetaData(class xn::DepthMetaData &)const " (?GetMetaData@DepthGenerator@xn@@QEBAXAEAVDepthMetaData@2@@Z) 中被引用
     1>Main.obj : error LNK2019: 无法解析的外部符号 __imp_xnConvertProjectiveToRealWorld，该符号在函数 "public: unsigned int __cdecl xn::DepthGenerator::ConvertProjectiveToRealWorld(unsigned int,struct XnVector3D const * const,struct XnVector3D * const)const " (?ConvertProjectiveToRealWorld@DepthGenerator@xn@@QEBAIIQEBUXnVector3D@@QEAU3@@Z) 中被引用
     1>Main.obj : error LNK2019: 无法解析的外部符号 __imp_xnOSWasKeyboardHit，该符号在函数 main 中被引用
     1>Main.obj : error LNK2019: 无法解析的外部符号 __imp_xnSetMapOutputMode，该符号在函数 "public: unsigned int __cdecl xn::MapGenerator::SetMapOutputMode(struct XnMapOutputMode const &)" (?SetMapOutputMode@MapGenerator@xn@@QEAAIAEBUXnMapOutputMode@@@Z) 中被引用
     1>Main.obj : error LNK2019: 无法解析的外部符号 __imp_xnContextRegisterForShutdown，该符号在函数 "public: void __cdecl xn::NodeWrapper::SetHandle(struct XnInternalNodeData *)" (?SetHandle@NodeWrapper@xn@@QEAAXPEAUXnInternalNodeData@@@Z) 中被引用
     1>Main.obj : error LNK2019: 无法解析的外部符号 __imp_xnProductionNodeAddRef，该符号在函数 "public: void __cdecl xn::NodeWrapper::SetHandle(struct XnInternalNodeData *)" (?SetHandle@NodeWrapper@xn@@QEAAXPEAUXnInternalNodeData@@@Z) 中被引用
     1>Main.obj : error LNK2019: 无法解析的外部符号 __imp_xnProductionNodeRelease，该符号在函数 "public: void __cdecl xn::NodeWrapper::SetHandle(struct XnInternalNodeData *)" (?SetHandle@NodeWrapper@xn@@QEAAXPEAUXnInternalNodeData@@@Z) 中被引用
     1>Main.obj : error LNK2019: 无法解析的外部符号 __imp_xnContextRelease，该符号在函数 "public: void __cdecl xn::NodeWrapper::SetHandle(struct XnInternalNodeData *)" (?SetHandle@NodeWrapper@xn@@QEAAXPEAUXnInternalNodeData@@@Z) 中被引用
     1>Main.obj : error LNK2019: 无法解析的外部符号 __imp_xnContextUnregisterFromShutdown，该符号在函数 "public: void __cdecl xn::NodeWrapper::SetHandle(struct XnInternalNodeData *)" (?SetHandle@NodeWrapper@xn@@QEAAXPEAUXnInternalNodeData@@@Z) 中被引用
     1>Main.obj : error LNK2019: 无法解析的外部符号 __imp_xnGetRefContextFromNodeHandle，该符号在函数 "public: void __cdecl xn::NodeWrapper::SetHandle(struct XnInternalNodeData *)" (?SetHandle@NodeWrapper@xn@@QEAAXPEAUXnInternalNodeData@@@Z) 中被引用
     1>Main.obj : error LNK2019: 无法解析的外部符号 __imp_xnGetDepthMap，该符号在函数 "public: unsigned short const * __cdecl xn::DepthGenerator::GetDepthMap(void)const " (?GetDepthMap@DepthGenerator@xn@@QEBAPEBGXZ) 中被引用
     1>Main.obj : error LNK2019: 无法解析的外部符号 __imp_xnGetRGB24ImageMap，该符号在函数 "public: struct XnRGB24Pixel const * __cdecl xn::ImageGenerator::GetRGB24ImageMap(void)const " (?GetRGB24ImageMap@ImageGenerator@xn@@QEBAPEBUXnRGB24Pixel@@XZ) 中被引用
     1>Main.obj : error LNK2019: 无法解析的外部符号 __imp_xnInit，该符号在函数 "public: unsigned int __cdecl xn::Context::Init(void)" (?Init@Context@xn@@QEAAIXZ) 中被引用
     1>Main.obj : error LNK2019: 无法解析的外部符号 __imp_xnShutdown，该符号在函数 "public: void __cdecl xn::Context::Shutdown(void)" (?Shutdown@Context@xn@@QEAAXXZ) 中被引用
     1>Main.obj : error LNK2019: 无法解析的外部符号 __imp_xnStartGeneratingAll，该符号在函数 "public: unsigned int __cdecl xn::Context::StartGeneratingAll(void)" (?StartGeneratingAll@Context@xn@@QEAAIXZ) 中被引用
     1>Main.obj : error LNK2019: 无法解析的外部符号 __imp_xnStopGeneratingAll，该符号在函数 "public: unsigned int __cdecl xn::Context::StopGeneratingAll(void)" (?StopGeneratingAll@Context@xn@@QEAAIXZ) 中被引用
     1>Main.obj : error LNK2019: 无法解析的外部符号 __imp_xnWaitNoneUpdateAll，该符号在函数 "public: unsigned int __cdecl xn::Context::WaitNoneUpdateAll(void)" (?WaitNoneUpdateAll@Context@xn@@QEAAIXZ) 中被引用
     1>Main.obj : error LNK2019: 无法解析的外部符号 __imp_xnContextAddRef，该符号在函数 "public: void __cdecl xn::Context::SetHandle(struct XnContext *)" (?SetHandle@Context@xn@@QEAAXPEAUXnContext@@@Z) 中被引用
     1>Main.obj : error LNK2019: 无法解析的外部符号 __imp_xnForceShutdown，该符号在函数 "public: void __cdecl xn::Context::SetHandle(struct XnContext *)" (?SetHandle@Context@xn@@QEAAXPEAUXnContext@@@Z) 中被引用
     1>Main.obj : error LNK2019: 无法解析的外部符号 __imp_xnCreateDepthGenerator，该符号在函数 "public: unsigned int __cdecl xn::DepthGenerator::Create(class xn::Context &,class xn::Query *,class xn::EnumerationErrors *)" (?Create@DepthGenerator@xn@@QEAAIAEAVContext@2@PEAVQuery@2@PEAVEnumerationErrors@2@@Z) 中被引用
     1>Main.obj : error LNK2019: 无法解析的外部符号 __imp_xnCreateImageGenerator，该符号在函数 "public: unsigned int __cdecl xn::ImageGenerator::Create(class xn::Context &,class xn::Query *,class xn::EnumerationErrors *)" (?Create@ImageGenerator@xn@@QEAAIAEAVContext@2@PEAVQuery@2@PEAVEnumerationErrors@2@@Z) 中被引用
     1>D:\kinect  标定\VS2010Proj\FindCoordinate2.0\x64\Debug\NiViewer.exe : fatal error LNK1120: 23 个无法解析的外部命令
     1>已完成生成项目“D:\kinect  标定\VS2010Proj\FindCoordinate2.0\NiViewer\NiViewer.vcxproj”(build 个目标)的操作 - 失败。

生成失败。

已用时间 00:00:10.68
