生成启动时间为 2015/4/25 22:34:22。
     1>项目“D:\UR\FruitRecognition\FriutRecognition2.1(Calibration)\FruitRecognition2.1\NiViewer.vcxproj”在节点 2 上(build 个目标)。
     1>InitializeBuildStatus:
         正在创建“Debug\NiViewer.unsuccessfulbuild”，因为已指定“AlwaysCreate”。
       ClCompile:
         所有输出均为最新。
         d:\Program Files (x86)\Microsoft Visual Studio 10.0\VC\bin\CL.exe /c /ZI /nologo /W3 /WX- /Od /Oy- /D WIN32 /D _DEBUG /D _CONSOLE /D _CRT_SECURE_NO_WARNINGS /D _UNICODE /D UNICODE /Gm /EHsc /RTC1 /MDd /GS /fp:precise /Zc:wchar_t /Zc:forScope /Yu"StdAfx.h" /Fp"Debug\NiViewer.pch" /Fo"Debug\\" /Fd"Debug\vc100.pdb" /Gd /TP /analyze- /errorReport:prompt Main.cpp
         Main.cpp
     1>c:\program files (x86)\openni\include\win32\xnoswin32.h(42): warning C4005: “_CRT_SECURE_NO_DEPRECATE”: 宏重定义
                 d:\opencv\build\include\opencv2\core\types_c.h(49) : 参见“_CRT_SECURE_NO_DEPRECATE”的前一个定义
     1>d:\ur\fruitrecognition\friutrecognition2.1(calibration)\fruitrecognition2.1\main.cpp(158): warning C4305: “初始化”: 从“double”到“float”截断
     1>d:\ur\fruitrecognition\friutrecognition2.1(calibration)\fruitrecognition2.1\main.cpp(158): warning C4305: “初始化”: 从“double”到“float”截断
     1>d:\ur\fruitrecognition\friutrecognition2.1(calibration)\fruitrecognition2.1\main.cpp(158): warning C4305: “初始化”: 从“double”到“float”截断
     1>d:\ur\fruitrecognition\friutrecognition2.1(calibration)\fruitrecognition2.1\main.cpp(158): warning C4305: “初始化”: 从“double”到“float”截断
     1>d:\ur\fruitrecognition\friutrecognition2.1(calibration)\fruitrecognition2.1\main.cpp(159): warning C4305: “初始化”: 从“double”到“float”截断
     1>d:\ur\fruitrecognition\friutrecognition2.1(calibration)\fruitrecognition2.1\main.cpp(159): warning C4305: “初始化”: 从“double”到“float”截断
     1>d:\ur\fruitrecognition\friutrecognition2.1(calibration)\fruitrecognition2.1\main.cpp(159): warning C4305: “初始化”: 从“double”到“float”截断
     1>d:\ur\fruitrecognition\friutrecognition2.1(calibration)\fruitrecognition2.1\main.cpp(159): warning C4305: “初始化”: 从“double”到“float”截断
     1>d:\ur\fruitrecognition\friutrecognition2.1(calibration)\fruitrecognition2.1\main.cpp(160): warning C4305: “初始化”: 从“double”到“float”截断
     1>d:\ur\fruitrecognition\friutrecognition2.1(calibration)\fruitrecognition2.1\main.cpp(160): warning C4305: “初始化”: 从“double”到“float”截断
     1>d:\ur\fruitrecognition\friutrecognition2.1(calibration)\fruitrecognition2.1\main.cpp(160): warning C4305: “初始化”: 从“double”到“float”截断
     1>d:\ur\fruitrecognition\friutrecognition2.1(calibration)\fruitrecognition2.1\main.cpp(160): warning C4305: “初始化”: 从“double”到“float”截断
     1>d:\ur\fruitrecognition\friutrecognition2.1(calibration)\fruitrecognition2.1\main.cpp(192): warning C4482: 使用了非标准扩展: 限定名中使用了枚举“FruitKinds”
     1>d:\ur\fruitrecognition\friutrecognition2.1(calibration)\fruitrecognition2.1\main.cpp(265): warning C4305: “=”: 从“double”到“float”截断
     1>d:\ur\fruitrecognition\friutrecognition2.1(calibration)\fruitrecognition2.1\main.cpp(285): warning C4305: “=”: 从“double”到“float”截断
     1>d:\ur\fruitrecognition\friutrecognition2.1(calibration)\fruitrecognition2.1\main.cpp(295): warning C4305: “=”: 从“double”到“float”截断
     1>d:\ur\fruitrecognition\friutrecognition2.1(calibration)\fruitrecognition2.1\main.cpp(305): warning C4305: “=”: 从“double”到“float”截断
     1>d:\ur\fruitrecognition\friutrecognition2.1(calibration)\fruitrecognition2.1\main.cpp(315): warning C4305: “=”: 从“double”到“float”截断
     1>d:\ur\fruitrecognition\friutrecognition2.1(calibration)\fruitrecognition2.1\main.cpp(316): warning C4305: “=”: 从“double”到“float”截断
     1>d:\ur\fruitrecognition\friutrecognition2.1(calibration)\fruitrecognition2.1\main.cpp(357): warning C4244: “参数”: 从“double”转换到“int”，可能丢失数据
     1>d:\ur\fruitrecognition\friutrecognition2.1(calibration)\fruitrecognition2.1\main.cpp(358): warning C4244: “参数”: 从“double”转换到“int”，可能丢失数据
     1>d:\ur\fruitrecognition\friutrecognition2.1(calibration)\fruitrecognition2.1\main.cpp(361): warning C4244: “参数”: 从“float”转换到“int”，可能丢失数据
     1>d:\ur\fruitrecognition\friutrecognition2.1(calibration)\fruitrecognition2.1\main.cpp(362): warning C4244: “参数”: 从“float”转换到“int”，可能丢失数据
     1>d:\ur\fruitrecognition\friutrecognition2.1(calibration)\fruitrecognition2.1\main.cpp(363): warning C4244: “参数”: 从“float”转换到“int”，可能丢失数据
     1>d:\ur\fruitrecognition\friutrecognition2.1(calibration)\fruitrecognition2.1\main.cpp(364): warning C4244: “参数”: 从“float”转换到“int”，可能丢失数据
     1>d:\ur\fruitrecognition\friutrecognition2.1(calibration)\fruitrecognition2.1\main.cpp(365): warning C4244: “参数”: 从“float”转换到“int”，可能丢失数据
     1>d:\ur\fruitrecognition\friutrecognition2.1(calibration)\fruitrecognition2.1\main.cpp(366): warning C4244: “参数”: 从“float”转换到“int”，可能丢失数据
     1>d:\ur\fruitrecognition\friutrecognition2.1(calibration)\fruitrecognition2.1\main.cpp(375): warning C4018: “<”: 有符号/无符号不匹配
     1>d:\ur\fruitrecognition\friutrecognition2.1(calibration)\fruitrecognition2.1\main.cpp(388): warning C4018: “<”: 有符号/无符号不匹配
     1>d:\ur\fruitrecognition\friutrecognition2.1(calibration)\fruitrecognition2.1\main.cpp(391): warning C4244: “=”: 从“double”转换到“float”，可能丢失数据
     1>d:\ur\fruitrecognition\friutrecognition2.1(calibration)\fruitrecognition2.1\main.cpp(392): warning C4244: “=”: 从“double”转换到“float”，可能丢失数据
     1>d:\ur\fruitrecognition\friutrecognition2.1(calibration)\fruitrecognition2.1\main.cpp(410): warning C4018: “<”: 有符号/无符号不匹配
     1>d:\ur\fruitrecognition\friutrecognition2.1(calibration)\fruitrecognition2.1\main.cpp(484): warning C4244: “初始化”: 从“double”转换到“float”，可能丢失数据
     1>d:\ur\fruitrecognition\friutrecognition2.1(calibration)\fruitrecognition2.1\main.cpp(485): warning C4244: “初始化”: 从“double”转换到“float”，可能丢失数据
     1>d:\ur\fruitrecognition\friutrecognition2.1(calibration)\fruitrecognition2.1\main.cpp(486): warning C4244: “初始化”: 从“double”转换到“float”，可能丢失数据
     1>d:\ur\fruitrecognition\friutrecognition2.1(calibration)\fruitrecognition2.1\main.cpp(487): warning C4244: “初始化”: 从“double”转换到“float”，可能丢失数据
     1>d:\ur\fruitrecognition\friutrecognition2.1(calibration)\fruitrecognition2.1\main.cpp(632): warning C4996: 'xn::Context::Shutdown': You may use Release() instead, or count on dtor
                 c:\program files (x86)\openni\include\xncppwrapper.h(5640) : 参见“xn::Context::Shutdown”的声明
     1>d:\ur\fruitrecognition\friutrecognition2.1(calibration)\fruitrecognition2.1\main.cpp(661): warning C4244: “初始化”: 从“int”转换到“float”，可能丢失数据
     1>d:\ur\fruitrecognition\friutrecognition2.1(calibration)\fruitrecognition2.1\main.cpp(663): warning C4244: “参数”: 从“float”转换到“int”，可能丢失数据
     1>d:\ur\fruitrecognition\friutrecognition2.1(calibration)\fruitrecognition2.1\main.cpp(677): warning C4244: “=”: 从“float”转换到“int”，可能丢失数据
     1>d:\ur\fruitrecognition\friutrecognition2.1(calibration)\fruitrecognition2.1\main.cpp(679): warning C4244: “=”: 从“float”转换到“int”，可能丢失数据
     1>d:\ur\fruitrecognition\friutrecognition2.1(calibration)\fruitrecognition2.1\main.cpp(681): warning C4244: “参数”: 从“float”转换到“int”，可能丢失数据
     1>d:\ur\fruitrecognition\friutrecognition2.1(calibration)\fruitrecognition2.1\main.cpp(739): warning C4482: 使用了非标准扩展: 限定名中使用了枚举“FruitKinds”
     1>d:\ur\fruitrecognition\friutrecognition2.1(calibration)\fruitrecognition2.1\main.cpp(760): warning C4244: “=”: 从“double”转换到“char”，可能丢失数据
     1>d:\ur\fruitrecognition\friutrecognition2.1(calibration)\fruitrecognition2.1\main.cpp(767): warning C4482: 使用了非标准扩展: 限定名中使用了枚举“FruitKinds”
     1>d:\ur\fruitrecognition\friutrecognition2.1(calibration)\fruitrecognition2.1\main.cpp(789): warning C4244: “=”: 从“double”转换到“char”，可能丢失数据
     1>d:\ur\fruitrecognition\friutrecognition2.1(calibration)\fruitrecognition2.1\main.cpp(796): warning C4482: 使用了非标准扩展: 限定名中使用了枚举“FruitKinds”
     1>d:\ur\fruitrecognition\friutrecognition2.1(calibration)\fruitrecognition2.1\main.cpp(817): warning C4244: “=”: 从“double”转换到“char”，可能丢失数据
     1>d:\ur\fruitrecognition\friutrecognition2.1(calibration)\fruitrecognition2.1\main.cpp(823): warning C4482: 使用了非标准扩展: 限定名中使用了枚举“FruitKinds”
     1>d:\ur\fruitrecognition\friutrecognition2.1(calibration)\fruitrecognition2.1\main.cpp(844): warning C4244: “=”: 从“double”转换到“char”，可能丢失数据
     1>d:\ur\fruitrecognition\friutrecognition2.1(calibration)\fruitrecognition2.1\main.cpp(849): warning C4482: 使用了非标准扩展: 限定名中使用了枚举“FruitKinds”
     1>d:\ur\fruitrecognition\friutrecognition2.1(calibration)\fruitrecognition2.1\main.cpp(870): warning C4244: “=”: 从“double”转换到“char”，可能丢失数据
     1>d:\ur\fruitrecognition\friutrecognition2.1(calibration)\fruitrecognition2.1\main.cpp(875): warning C4482: 使用了非标准扩展: 限定名中使用了枚举“FruitKinds”
     1>d:\ur\fruitrecognition\friutrecognition2.1(calibration)\fruitrecognition2.1\main.cpp(896): warning C4244: “=”: 从“double”转换到“char”，可能丢失数据
     1>d:\ur\fruitrecognition\friutrecognition2.1(calibration)\fruitrecognition2.1\main.cpp(919): warning C4305: “初始化”: 从“double”到“float”截断
     1>d:\ur\fruitrecognition\friutrecognition2.1(calibration)\fruitrecognition2.1\main.cpp(919): warning C4305: “初始化”: 从“double”到“float”截断
     1>d:\ur\fruitrecognition\friutrecognition2.1(calibration)\fruitrecognition2.1\main.cpp(919): warning C4305: “初始化”: 从“double”到“float”截断
     1>d:\ur\fruitrecognition\friutrecognition2.1(calibration)\fruitrecognition2.1\main.cpp(919): warning C4305: “初始化”: 从“double”到“float”截断
     1>d:\ur\fruitrecognition\friutrecognition2.1(calibration)\fruitrecognition2.1\main.cpp(920): warning C4305: “初始化”: 从“double”到“float”截断
     1>d:\ur\fruitrecognition\friutrecognition2.1(calibration)\fruitrecognition2.1\main.cpp(920): warning C4305: “初始化”: 从“double”到“float”截断
     1>d:\ur\fruitrecognition\friutrecognition2.1(calibration)\fruitrecognition2.1\main.cpp(920): warning C4305: “初始化”: 从“double”到“float”截断
     1>d:\ur\fruitrecognition\friutrecognition2.1(calibration)\fruitrecognition2.1\main.cpp(920): warning C4305: “初始化”: 从“double”到“float”截断
     1>d:\ur\fruitrecognition\friutrecognition2.1(calibration)\fruitrecognition2.1\main.cpp(940): warning C4244: “初始化”: 从“float”转换到“int”，可能丢失数据
     1>d:\ur\fruitrecognition\friutrecognition2.1(calibration)\fruitrecognition2.1\main.cpp(941): warning C4244: “初始化”: 从“float”转换到“int”，可能丢失数据
     1>d:\ur\fruitrecognition\friutrecognition2.1(calibration)\fruitrecognition2.1\main.cpp(1076): warning C4018: “<”: 有符号/无符号不匹配
     1>d:\ur\fruitrecognition\friutrecognition2.1(calibration)\fruitrecognition2.1\main.cpp(1159): warning C4244: “=”: 从“unsigned int”转换到“XnFloat”，可能丢失数据
     1>d:\ur\fruitrecognition\friutrecognition2.1(calibration)\fruitrecognition2.1\main.cpp(1160): warning C4244: “=”: 从“unsigned int”转换到“XnFloat”，可能丢失数据
       Link:
         d:\Program Files (x86)\Microsoft Visual Studio 10.0\VC\bin\link.exe /ERRORREPORT:PROMPT /OUT:"D:\UR\FruitRecognition\FriutRecognition2.1(Calibration)\Debug\NiViewer.exe" /INCREMENTAL /NOLOGO OpenNI.lib opencv_core249d.lib opencv_highgui249d.lib opencv_imgproc249d.lib opencv_calib3d249d.lib opencv_contrib249d.lib opencv_features2d249d.lib opencv_flann249d.lib opencv_gpu249d.lib opencv_legacy249d.lib opencv_ml249d.lib opencv_objdetect249d.lib opencv_ts249d.lib opencv_video249d.lib kernel32.lib user32.lib gdi32.lib winspool.lib comdlg32.lib advapi32.lib shell32.lib ole32.lib oleaut32.lib uuid.lib odbc32.lib odbccp32.lib /MANIFEST /ManifestFile:"Debug\NiViewer.exe.intermediate.manifest" /MANIFESTUAC:"level='asInvoker' uiAccess='false'" /DEBUG /PDB:"D:\UR\FruitRecognition\FriutRecognition2.1(Calibration)\Debug\NiViewer.pdb" /SUBSYSTEM:CONSOLE /TLBID:1 /DYNAMICBASE /NXCOMPAT /IMPLIB:"D:\UR\FruitRecognition\FriutRecognition2.1(Calibration)\Debug\NiViewer.lib" /MACHINE:X86 Debug\Main.obj
         Debug\stdafx.obj
         NiViewer.vcxproj -> D:\UR\FruitRecognition\FriutRecognition2.1(Calibration)\Debug\NiViewer.exe
       Manifest:
         C:\Program Files (x86)\Microsoft SDKs\Windows\v7.0A\bin\mt.exe /nologo /verbose /out:"D:\UR\FruitRecognition\FriutRecognition2.1(Calibration)\Debug\NiViewer.exe.manifest" /manifest Debug\NiViewer.exe.intermediate.manifest
       FinalizeBuildStatus:
         正在删除文件“Debug\NiViewer.unsuccessfulbuild”。
         正在对“Debug\NiViewer.lastbuildstate”执行 Touch 任务。
     1>已完成生成项目“D:\UR\FruitRecognition\FriutRecognition2.1(Calibration)\FruitRecognition2.1\NiViewer.vcxproj”(build 个目标)的操作。

生成成功。

已用时间 00:00:06.51
